 ⚠ Port 3000 is in use, using available port 3001 instead.
   ▲ Next.js 15.3.9
   - Local:        http://localhost:3001
   - Network:      http://192.168.55.225:3001
   - Environments: .env.local

 ✓ Starting...
 ⚠ Invalid next.config.mjs options detected: 
 ⚠     Unrecognized key(s) in object: 'root' at "turbopack"
 ⚠ See more info here: https://nextjs.org/docs/messages/invalid-next-config
 ⚠ turbopack.root should be absolute, using: /Users/newuser/Downloads/erxes-skills-main/content-plugin/headless/web/output/ub-group
 ✓ Ready in 2.8s
 ○ Compiling /_not-found ...
 ✓ Compiled /_not-found in 3.7s (648 modules)
 GET / 404 in 4361ms
<w> [webpack.cache.PackFileCacheStrategy/webpack.FileSystemInfo] Parsing of /Users/newuser/Downloads/erxes-skills-main/content-plugin/headless/web/output/ub-group/node_modules/.pnpm/next-intl@4.9.1_next@15.3.9_@babel+core@7.29.0_react-dom@18.3.1_react@18.3.1__react@18._232c0df6a6ee11f858ec79cf7dd78021/node_modules/next-intl/dist/esm/production/extractor/format/index.js for build dependencies failed at 'import(t)'.
<w> Build dependencies behind this expression are ignored and might cause incorrect cache invalidation.
 ○ Compiling /[locale] ...
 ✓ Compiled /[locale] in 7.1s (2783 modules)
 GET /mn 200 in 8466ms
 GET / 404 in 102ms
 ✓ Compiled /favicon.ico in 415ms (364 modules)
 GET /favicon.ico 200 in 522ms
 ✓ Compiled in 1981ms (1305 modules)
 ⚠ Fast Refresh had to perform a full reload. Read more: https://nextjs.org/docs/messages/fast-refresh-reload
 ○ Compiling /_not-found ...
 ✓ Compiled /_not-found in 769ms (1643 modules)
 GET / 404 in 40ms
 GET / 404 in 58ms
 ○ Compiling /[locale] ...
 ✓ Compiled /[locale] in 591ms (1465 modules)
 GET /mn 200 in 1164ms
 ○ Compiling /_not-found ...
 ✓ Compiled /_not-found in 644ms (2760 modules)
 GET / 404 in 726ms
 GET / 404 in 42ms
 ○ Compiling /[locale]/business ...
 ✓ Compiled /[locale]/business in 925ms (2773 modules)
 ○ Compiling /[locale]/about ...
 GET /mn/business 200 in 2619ms
 ✓ Compiled /[locale]/about in 1373ms (2796 modules)
 GET /mn/about 200 in 2567ms
 GET /mn/business 200 in 30ms
 ○ Compiling /[locale]/sustainability ...
 ✓ Compiled /[locale]/sustainability in 657ms (2815 modules)
 GET /mn/sustainability 200 in 1282ms
 GET /mn/sustainability 200 in 269ms
 ○ Compiling /[locale]/career ...
 ✓ Compiled /[locale]/career in 574ms (2842 modules)
 GET /mn/career 200 in 1213ms
 GET /mn/career 200 in 14ms
 ○ Compiling /[locale]/news ...
 ✓ Compiled /[locale]/news in 599ms (2847 modules)
 GET /mn/news 200 in 1357ms
 GET /mn/news 200 in 447ms
 GET /en/news 200 in 37ms
 GET /en/about 200 in 27ms
 ○ Compiling /[locale]/contact ...
 ✓ Compiled /[locale]/contact in 976ms (2850 modules)
 GET /en/contact 200 in 891ms
 GET /en/contact 200 in 1866ms
 GET /en/about 200 in 26ms
 GET /en/about 200 in 337ms
 GET /en/about 200 in 117ms
 ✓ Compiled /[locale] in 365ms (1517 modules)
 GET /en 200 in 764ms
 ✓ Compiled in 3.7s (2890 modules)
 GET /en 200 in 299ms
[?25h
